============================================================
Time  2023/03/21 19:10:28 099 
============================================================
[2023/03/21 19:10:28 099] isr_local  2168 os_type is:  Linux  
[2023/03/21 19:10:28 099] isr_local  2177 SYS_MSG_LOAD_LOCAL  
[2023/03/21 19:10:28 099] isr_local  2206 SYS_MSG_REGCB_LOCAL| param0 =  msp_status_cb  
[2023/03/21 19:10:28 099] isr_local  2265 last gc at  1679440228  
[2023/03/21 19:10:28 100] isr_local  2206 SYS_MSG_REGCB_LOCAL| param0 =  build_grm_cb  
[2023/03/21 19:10:28 100] isr_local  2265 last gc at  1679440228  
[2023/03/21 19:10:28 100] isr_local  2219 ASR_LOCAL_MSG_BUILD_GRM  
[2023/03/21 19:10:28 100] isr_local  1860 grm_init | params:  engine_type = local, 		asr_res_path = fo|/home/wheeltec/M2_SDK/offline_mic/bin/config/msc/res/asr/common.jet, sample_rate = 16000, 		grm_build_path = /home/wheeltec/M2_SDK/offline_mic/bin/config/msc/res/asr/GrmBuilld,   
[2023/03/21 19:10:28 100] isr_local  803  engine_type  :  local  
[2023/03/21 19:10:28 100] isr_local  803  asr_res_path  :  fo|/home/wheeltec/M2_SDK/offline_mic/bin/config/msc/res/asr/common.jet  
[2023/03/21 19:10:28 100] isr_local  803  sample_rate  :  16000  
[2023/03/21 19:10:28 100] isr_local  803  grm_build_path  :  /home/wheeltec/M2_SDK/offline_mic/bin/config/msc/res/asr/GrmBuilld  
[2023/03/21 19:10:28 101] isr_local  1000 file count =   1  
[2023/03/21 19:10:28 101] isr_local  923  file open type is:   fo  
[2023/03/21 19:10:28 101] isr_local  956  /home/wheeltec/M2_SDK/offline_mic/bin/config/msc/res/asr/common.jet  0  0  
[2023/03/21 19:10:28 101] isr_local  1018 speech_plus_setting  0  
[2023/03/21 19:10:28 101] isr_local  1031 2  nil  /home/wheeltec/M2_SDK/offline_mic/bin/config/msc/res/asr/common.jet  0  0  
[2023/03/21 19:10:28 103] isr_local  1033 res_ver  2  
[2023/03/21 19:10:28 103] isr_local  1034 res 5  2e667396df99b3b0fad50ad9d7c1d33e  
[2023/03/21 19:10:28 103] isr_local  1035 res_new_old_mark  v5pp  
[2023/03/21 19:10:28 103] isr_local  1036 res_usr_name  ""  
[2023/03/21 19:10:28 103] isr_local  1037 res_expires  1654394737  
[2023/03/21 19:10:28 103] isr_local  1038 err  0  
[2023/03/21 19:10:28 103] isr_local  1054 lgi appid 5  2e667396df99b3b0fad50ad9d7c1d33e  
[2023/03/21 19:10:28 103] isr_local  1069 now expires:  1679440228  1654394737  
[2023/03/21 19:10:28 103] isr_local  1006 parse respath substr error! :  11212  
[2023/03/21 19:10:28 103] isr_local  1845 parse_respath error! :  nil  
[2023/03/21 19:10:28 103] isr_local  1908 grm_init | create grm failed!  
[2023/03/21 19:10:28 104] isr_local  1601 proc_retcode_grm | errorcode =  11212  
[2023/03/21 19:10:28 104] isr_local  1593 onGrmLocalServiceCb  11212  nil  
